[03-Jun-2025 06:45:06 UTC] PHP Fatal error:  Uncaught Error: Undefined constant "DEFAULT_SMTP_HOST" in /Users/mac/Documents/DEV-OUTSIDE/INVITE/php/services/EmailService.php:40
Stack trace:
#0 /Users/mac/Documents/DEV-OUTSIDE/INVITE/php/services/EmailService.php(20): Services\EmailService->configureSMTP()
#1 /Users/mac/Documents/DEV-OUTSIDE/INVITE/php/api/send-single-email.php(70): Services\EmailService->__construct('default')
#2 {main}
  thrown in /Users/mac/Documents/DEV-OUTSIDE/INVITE/php/services/EmailService.php on line 40
[03-Jun-2025 07:00:56 UTC] Xdebug: [Step Debug] Could not connect to debugging client. Tried: localhost:9000 (through xdebug.client_host/xdebug.client_port).
[03-Jun-2025 18:26:10 UTC] Xdebug: [Step Debug] Could not connect to debugging client. Tried: localhost:9000 (through xdebug.client_host/xdebug.client_port).
[03-Jun-2025 18:26:10 UTC] Xdebug: [Step Debug] Could not connect to debugging client. Tried: localhost:9000 (through xdebug.client_host/xdebug.client_port).
[03-Jun-2025 18:26:10 UTC] Xdebug: [Step Debug] Could not connect to debugging client. Tried: localhost:9000 (through xdebug.client_host/xdebug.client_port).
[03-Jun-2025 18:26:10 UTC] Xdebug: [Step Debug] Could not connect to debugging client. Tried: localhost:9000 (through xdebug.client_host/xdebug.client_port).
[03-Jun-2025 18:27:18 UTC] PHP Warning:  Undefined array key "postnom" in /Users/mac/Documents/DEV-OUTSIDE/INVITE/confirm.php on line 69
[03-Jun-2025 18:27:18 UTC] PHP Warning:  Undefined array key "postnom" in /Users/mac/Documents/DEV-OUTSIDE/INVITE/confirm.php on line 75
[03-Jun-2025 18:27:27 UTC] PHP Warning:  Undefined array key "postnom" in /Users/mac/Documents/DEV-OUTSIDE/INVITE/confirm.php on line 56
[03-Jun-2025 18:29:40 UTC] PHP Warning:  Undefined array key "invitation_path" in /Users/mac/Documents/DEV-OUTSIDE/INVITE/generate-invitation.php on line 43
[03-Jun-2025 18:32:21 UTC] PHP Warning:  Undefined array key "postnom" in /Users/mac/Documents/DEV-OUTSIDE/INVITE/confirm.php on line 56
[03-Jun-2025 18:32:24 UTC] PHP Warning:  Undefined array key "postnom" in /Users/mac/Documents/DEV-OUTSIDE/INVITE/confirm.php on line 69
[03-Jun-2025 18:32:24 UTC] PHP Warning:  Undefined array key "postnom" in /Users/mac/Documents/DEV-OUTSIDE/INVITE/confirm.php on line 75
[03-Jun-2025 18:32:26 UTC] PHP Warning:  Undefined array key "postnom" in /Users/mac/Documents/DEV-OUTSIDE/INVITE/confirm.php on line 56
[03-Jun-2025 20:22:35 UTC] PHP Warning:  Undefined array key "postnom" in /Users/mac/Documents/DEV-OUTSIDE/INVITE/confirm.php on line 56
[03-Jun-2025 20:22:39 UTC] PHP Warning:  Undefined array key "invitation_path" in /Users/mac/Documents/DEV-OUTSIDE/INVITE/generate-invitation.php on line 43
[03-Jun-2025 20:22:44 UTC] PHP Warning:  Undefined array key "postnom" in /Users/mac/Documents/DEV-OUTSIDE/INVITE/confirm.php on line 56
[03-Jun-2025 20:22:45 UTC] PHP Warning:  Undefined array key "invitation_path" in /Users/mac/Documents/DEV-OUTSIDE/INVITE/generate-invitation.php on line 43
[03-Jun-2025 20:22:47 UTC] PHP Deprecated:  Implicit conversion from float 198.5 to int loses precision in /Users/mac/Documents/DEV-OUTSIDE/INVITE/php/invitation-generator.php on line 177
[03-Jun-2025 20:23:06 UTC] PHP Warning:  Undefined array key "invitation_path" in /Users/mac/Documents/DEV-OUTSIDE/INVITE/generate-invitation.php on line 43
[03-Jun-2025 20:23:08 UTC] PHP Deprecated:  Implicit conversion from float 168.5 to int loses precision in /Users/mac/Documents/DEV-OUTSIDE/INVITE/php/invitation-generator.php on line 177
[03-Jun-2025 20:24:55 UTC] PHP Warning:  Undefined array key "invitation_path" in /Users/mac/Documents/DEV-OUTSIDE/INVITE/generate-invitation.php on line 43
[03-Jun-2025 20:24:58 UTC] PHP Deprecated:  Implicit conversion from float 344.5 to int loses precision in /Users/mac/Documents/DEV-OUTSIDE/INVITE/php/invitation-generator.php on line 210
